                                      1 ;--------------------------------------------------------
                                      2 ; File Created by SDCC : free open source ANSI-C Compiler
                                      3 ; Version 4.1.6 #12539 (MINGW32)
                                      4 ;--------------------------------------------------------
                                      5 	.module Bookmark_tiles
                                      6 	.optsdcc -mgbz80
                                      7 	
                                      8 ;--------------------------------------------------------
                                      9 ; Public variables in this module
                                     10 ;--------------------------------------------------------
                                     11 	.globl _Bookmark_tiles
                                     12 ;--------------------------------------------------------
                                     13 ; special function registers
                                     14 ;--------------------------------------------------------
                                     15 ;--------------------------------------------------------
                                     16 ; ram data
                                     17 ;--------------------------------------------------------
                                     18 	.area _DATA
                                     19 ;--------------------------------------------------------
                                     20 ; ram data
                                     21 ;--------------------------------------------------------
                                     22 	.area _INITIALIZED
                                     23 ;--------------------------------------------------------
                                     24 ; absolute external ram data
                                     25 ;--------------------------------------------------------
                                     26 	.area _DABS (ABS)
                                     27 ;--------------------------------------------------------
                                     28 ; global & static initialisations
                                     29 ;--------------------------------------------------------
                                     30 	.area _HOME
                                     31 	.area _GSINIT
                                     32 	.area _GSFINAL
                                     33 	.area _GSINIT
                                     34 ;--------------------------------------------------------
                                     35 ; Home
                                     36 ;--------------------------------------------------------
                                     37 	.area _HOME
                                     38 	.area _HOME
                                     39 ;--------------------------------------------------------
                                     40 ; code
                                     41 ;--------------------------------------------------------
                                     42 	.area _CODE
                                     43 	.area _CODE
      000000                         44 _Bookmark_tiles:
      000000 00                      45 	.db #0x00	; 0
      000001 FF                      46 	.db #0xff	; 255
      000002 FF                      47 	.db #0xff	; 255
      000003 00                      48 	.db #0x00	; 0
      000004 00                      49 	.db #0x00	; 0
      000005 FF                      50 	.db #0xff	; 255
      000006 FF                      51 	.db #0xff	; 255
      000007 00                      52 	.db #0x00	; 0
      000008 00                      53 	.db #0x00	; 0
      000009 FF                      54 	.db #0xff	; 255
      00000A FF                      55 	.db #0xff	; 255
      00000B 00                      56 	.db #0x00	; 0
      00000C 00                      57 	.db #0x00	; 0
      00000D FF                      58 	.db #0xff	; 255
      00000E FF                      59 	.db #0xff	; 255
      00000F 00                      60 	.db #0x00	; 0
      000010 00                      61 	.db #0x00	; 0
      000011 FF                      62 	.db #0xff	; 255
      000012 FC                      63 	.db #0xfc	; 252
      000013 04                      64 	.db #0x04	; 4
      000014 04                      65 	.db #0x04	; 4
      000015 FC                      66 	.db #0xfc	; 252
      000016 FC                      67 	.db #0xfc	; 252
      000017 04                      68 	.db #0x04	; 4
      000018 04                      69 	.db #0x04	; 4
      000019 FC                      70 	.db #0xfc	; 252
      00001A FC                      71 	.db #0xfc	; 252
      00001B 04                      72 	.db #0x04	; 4
      00001C 04                      73 	.db #0x04	; 4
      00001D FC                      74 	.db #0xfc	; 252
      00001E FC                      75 	.db #0xfc	; 252
      00001F 04                      76 	.db #0x04	; 4
      000020 00                      77 	.db #0x00	; 0
      000021 FF                      78 	.db #0xff	; 255
      000022 00                      79 	.db #0x00	; 0
      000023 00                      80 	.db #0x00	; 0
      000024 00                      81 	.db #0x00	; 0
      000025 00                      82 	.db #0x00	; 0
      000026 00                      83 	.db #0x00	; 0
      000027 00                      84 	.db #0x00	; 0
      000028 00                      85 	.db #0x00	; 0
      000029 00                      86 	.db #0x00	; 0
      00002A 00                      87 	.db #0x00	; 0
      00002B 00                      88 	.db #0x00	; 0
      00002C 00                      89 	.db #0x00	; 0
      00002D 00                      90 	.db #0x00	; 0
      00002E 00                      91 	.db #0x00	; 0
      00002F 00                      92 	.db #0x00	; 0
      000030 00                      93 	.db #0x00	; 0
      000031 FF                      94 	.db #0xff	; 255
      000032 00                      95 	.db #0x00	; 0
      000033 00                      96 	.db #0x00	; 0
      000034 42                      97 	.db #0x42	; 66	'B'
      000035 42                      98 	.db #0x42	; 66	'B'
      000036 C3                      99 	.db #0xc3	; 195
      000037 C3                     100 	.db #0xc3	; 195
      000038 C3                     101 	.db #0xc3	; 195
      000039 C3                     102 	.db #0xc3	; 195
      00003A 42                     103 	.db #0x42	; 66	'B'
      00003B 42                     104 	.db #0x42	; 66	'B'
      00003C 00                     105 	.db #0x00	; 0
      00003D 00                     106 	.db #0x00	; 0
      00003E 00                     107 	.db #0x00	; 0
      00003F 00                     108 	.db #0x00	; 0
      000040 00                     109 	.db #0x00	; 0
      000041 FF                     110 	.db #0xff	; 255
      000042 3F                     111 	.db #0x3f	; 63
      000043 20                     112 	.db #0x20	; 32
      000044 20                     113 	.db #0x20	; 32
      000045 3F                     114 	.db #0x3f	; 63
      000046 3F                     115 	.db #0x3f	; 63
      000047 20                     116 	.db #0x20	; 32
      000048 20                     117 	.db #0x20	; 32
      000049 3F                     118 	.db #0x3f	; 63
      00004A 3F                     119 	.db #0x3f	; 63
      00004B 20                     120 	.db #0x20	; 32
      00004C 20                     121 	.db #0x20	; 32
      00004D 3F                     122 	.db #0x3f	; 63
      00004E 3F                     123 	.db #0x3f	; 63
      00004F 20                     124 	.db #0x20	; 32
      000050 04                     125 	.db #0x04	; 4
      000051 FC                     126 	.db #0xfc	; 252
      000052 FC                     127 	.db #0xfc	; 252
      000053 04                     128 	.db #0x04	; 4
      000054 04                     129 	.db #0x04	; 4
      000055 FC                     130 	.db #0xfc	; 252
      000056 FC                     131 	.db #0xfc	; 252
      000057 04                     132 	.db #0x04	; 4
      000058 04                     133 	.db #0x04	; 4
      000059 FC                     134 	.db #0xfc	; 252
      00005A FC                     135 	.db #0xfc	; 252
      00005B 04                     136 	.db #0x04	; 4
      00005C 04                     137 	.db #0x04	; 4
      00005D FC                     138 	.db #0xfc	; 252
      00005E FC                     139 	.db #0xfc	; 252
      00005F 04                     140 	.db #0x04	; 4
      000060 20                     141 	.db #0x20	; 32
      000061 3F                     142 	.db #0x3f	; 63
      000062 3F                     143 	.db #0x3f	; 63
      000063 20                     144 	.db #0x20	; 32
      000064 20                     145 	.db #0x20	; 32
      000065 3F                     146 	.db #0x3f	; 63
      000066 3F                     147 	.db #0x3f	; 63
      000067 20                     148 	.db #0x20	; 32
      000068 20                     149 	.db #0x20	; 32
      000069 3F                     150 	.db #0x3f	; 63
      00006A 3F                     151 	.db #0x3f	; 63
      00006B 20                     152 	.db #0x20	; 32
      00006C 20                     153 	.db #0x20	; 32
      00006D 3F                     154 	.db #0x3f	; 63
      00006E 3F                     155 	.db #0x3f	; 63
      00006F 20                     156 	.db #0x20	; 32
      000070 04                     157 	.db #0x04	; 4
      000071 FC                     158 	.db #0xfc	; 252
      000072 FF                     159 	.db #0xff	; 255
      000073 03                     160 	.db #0x03	; 3
      000074 00                     161 	.db #0x00	; 0
      000075 FF                     162 	.db #0xff	; 255
      000076 FF                     163 	.db #0xff	; 255
      000077 00                     164 	.db #0x00	; 0
      000078 00                     165 	.db #0x00	; 0
      000079 FF                     166 	.db #0xff	; 255
      00007A FF                     167 	.db #0xff	; 255
      00007B 00                     168 	.db #0x00	; 0
      00007C 00                     169 	.db #0x00	; 0
      00007D FF                     170 	.db #0xff	; 255
      00007E FF                     171 	.db #0xff	; 255
      00007F 00                     172 	.db #0x00	; 0
      000080 00                     173 	.db #0x00	; 0
      000081 00                     174 	.db #0x00	; 0
      000082 FF                     175 	.db #0xff	; 255
      000083 FF                     176 	.db #0xff	; 255
      000084 00                     177 	.db #0x00	; 0
      000085 FF                     178 	.db #0xff	; 255
      000086 FF                     179 	.db #0xff	; 255
      000087 00                     180 	.db #0x00	; 0
      000088 00                     181 	.db #0x00	; 0
      000089 FF                     182 	.db #0xff	; 255
      00008A FF                     183 	.db #0xff	; 255
      00008B 00                     184 	.db #0x00	; 0
      00008C 00                     185 	.db #0x00	; 0
      00008D FF                     186 	.db #0xff	; 255
      00008E FF                     187 	.db #0xff	; 255
      00008F 00                     188 	.db #0x00	; 0
      000090 20                     189 	.db #0x20	; 32
      000091 3F                     190 	.db #0x3f	; 63
      000092 FF                     191 	.db #0xff	; 255
      000093 C0                     192 	.db #0xc0	; 192
      000094 00                     193 	.db #0x00	; 0
      000095 FF                     194 	.db #0xff	; 255
      000096 FF                     195 	.db #0xff	; 255
      000097 00                     196 	.db #0x00	; 0
      000098 00                     197 	.db #0x00	; 0
      000099 FF                     198 	.db #0xff	; 255
      00009A FF                     199 	.db #0xff	; 255
      00009B 00                     200 	.db #0x00	; 0
      00009C 00                     201 	.db #0x00	; 0
      00009D FF                     202 	.db #0xff	; 255
      00009E FF                     203 	.db #0xff	; 255
      00009F 00                     204 	.db #0x00	; 0
                                    205 	.area _INITIALIZER
                                    206 	.area _CABS (ABS)
