                                      1 ;--------------------------------------------------------
                                      2 ; File Created by SDCC : free open source ANSI-C Compiler
                                      3 ; Version 4.1.6 #12539 (MINGW32)
                                      4 ;--------------------------------------------------------
                                      5 	.module gatsby33
                                      6 	.optsdcc -mgbz80
                                      7 	
                                      8 ;--------------------------------------------------------
                                      9 ; Public variables in this module
                                     10 ;--------------------------------------------------------
                                     11 	.globl _page_948
                                     12 	.globl _page_947
                                     13 	.globl _page_946
                                     14 	.globl b___func_gatsby_948
                                     15 	.globl ___func_gatsby_948
                                     16 	.globl b___func_gatsby_947
                                     17 	.globl ___func_gatsby_947
                                     18 	.globl b___func_gatsby_946
                                     19 	.globl ___func_gatsby_946
                                     20 ;--------------------------------------------------------
                                     21 ; special function registers
                                     22 ;--------------------------------------------------------
                                     23 ;--------------------------------------------------------
                                     24 ; ram data
                                     25 ;--------------------------------------------------------
                                     26 	.area _DATA
                                     27 ;--------------------------------------------------------
                                     28 ; ram data
                                     29 ;--------------------------------------------------------
                                     30 	.area _INITIALIZED
                                     31 ;--------------------------------------------------------
                                     32 ; absolute external ram data
                                     33 ;--------------------------------------------------------
                                     34 	.area _DABS (ABS)
                                     35 ;--------------------------------------------------------
                                     36 ; global & static initialisations
                                     37 ;--------------------------------------------------------
                                     38 	.area _HOME
                                     39 	.area _GSINIT
                                     40 	.area _GSFINAL
                                     41 	.area _GSINIT
                                     42 ;--------------------------------------------------------
                                     43 ; Home
                                     44 ;--------------------------------------------------------
                                     45 	.area _HOME
                                     46 	.area _HOME
                                     47 ;--------------------------------------------------------
                                     48 ; code
                                     49 ;--------------------------------------------------------
                                     50 	.area _CODE_255
                                     51 ;res/gatsby33.c:6: BANKREF(gatsby_946)
                                     52 ;	---------------------------------
                                     53 ; Function __func_gatsby_946
                                     54 ; ---------------------------------
                           0000FF    55 	b___func_gatsby_946	= 255
      000000                         56 ___func_gatsby_946::
                                     57 	.local b___func_gatsby_946 
                           0000FF    58 	___bank_gatsby_946 = b___func_gatsby_946 
                                     59 	.globl ___bank_gatsby_946 
                                     60 ;res/gatsby33.c:30: BANKREF(gatsby_947)
                                     61 ;	---------------------------------
                                     62 ; Function __func_gatsby_947
                                     63 ; ---------------------------------
                           0000FF    64 	b___func_gatsby_947	= 255
      000000                         65 ___func_gatsby_947::
                                     66 	.local b___func_gatsby_947 
                           0000FF    67 	___bank_gatsby_947 = b___func_gatsby_947 
                                     68 	.globl ___bank_gatsby_947 
                                     69 ;res/gatsby33.c:54: BANKREF(gatsby_948)
                                     70 ;	---------------------------------
                                     71 ; Function __func_gatsby_948
                                     72 ; ---------------------------------
                           0000FF    73 	b___func_gatsby_948	= 255
      000000                         74 ___func_gatsby_948::
                                     75 	.local b___func_gatsby_948 
                           0000FF    76 	___bank_gatsby_948 = b___func_gatsby_948 
                                     77 	.globl ___bank_gatsby_948 
                                     78 	.area _CODE_255
      000000                         79 _page_946:
      000000r00s00                   80 	.byte _page_945, (_page_945 >> 8)
      000002r00s00                   81 	.byte ___bank_gatsby_945, (___bank_gatsby_945 >> 8)
      000004r70s01                   82 	.byte _page_947, (_page_947 >> 8)
      000006r00s00                   83 	.byte ___bank_gatsby_947, (___bank_gatsby_947 >> 8)
      000008 4E                      84 	.db #0x4e	; 78	'N'
      000009 45                      85 	.db #0x45	; 69	'E'
      00000A 49                      86 	.db #0x49	; 73	'I'
      00000B 54                      87 	.db #0x54	; 84	'T'
      00000C 48                      88 	.db #0x48	; 72	'H'
      00000D 45                      89 	.db #0x45	; 69	'E'
      00000E 52                      90 	.db #0x52	; 82	'R'
      00000F 00                      91 	.db #0x00	; 0
      000010 55                      92 	.db #0x55	; 85	'U'
      000011 4E                      93 	.db #0x4e	; 78	'N'
      000012 44                      94 	.db #0x44	; 68	'D'
      000013 45                      95 	.db #0x45	; 69	'E'
      000014 52                      96 	.db #0x52	; 82	'R'
      000015 53                      97 	.db #0x53	; 83	'S'
      000016 54                      98 	.db #0x54	; 84	'T'
      000017 4F                      99 	.db #0x4f	; 79	'O'
      000018 4F                     100 	.db #0x4f	; 79	'O'
      000019 44                     101 	.db #0x44	; 68	'D'
      00001A 00                     102 	.db #0x00	; 0
      00001B 00                     103 	.db #0x00	; 0
      00001C 4E                     104 	.db #0x4e	; 78	'N'
      00001D 4F                     105 	.db #0x4f	; 79	'O'
      00001E 52                     106 	.db #0x52	; 82	'R'
      00001F 00                     107 	.db #0x00	; 0
      000020 44                     108 	.db #0x44	; 68	'D'
      000021 45                     109 	.db #0x45	; 69	'E'
      000022 53                     110 	.db #0x53	; 83	'S'
      000023 49                     111 	.db #0x49	; 73	'I'
      000024 52                     112 	.db #0x52	; 82	'R'
      000025 45                     113 	.db #0x45	; 69	'E'
      000026 44                     114 	.db #0x44	; 68	'D'
      000027 0C                     115 	.db #0x0c	; 12
      000028 00                     116 	.db #0x00	; 0
      000029 46                     117 	.db #0x46	; 70	'F'
      00002A 41                     118 	.db #0x41	; 65	'A'
      00002B 43                     119 	.db #0x43	; 67	'C'
      00002C 45                     120 	.db #0x45	; 69	'E'
      00002D 00                     121 	.db #0x00	; 0
      00002E 54                     122 	.db #0x54	; 84	'T'
      00002F 4F                     123 	.db #0x4f	; 79	'O'
      000030 46                     124 	.db #0x46	; 70	'F'
      000031 41                     125 	.db #0x41	; 65	'A'
      000032 43                     126 	.db #0x43	; 67	'C'
      000033 45                     127 	.db #0x45	; 69	'E'
      000034 00                     128 	.db #0x00	; 0
      000035 46                     129 	.db #0x46	; 70	'F'
      000036 4F                     130 	.db #0x4f	; 79	'O'
      000037 52                     131 	.db #0x52	; 82	'R'
      000038 00                     132 	.db #0x00	; 0
      000039 54                     133 	.db #0x54	; 84	'T'
      00003A 48                     134 	.db #0x48	; 72	'H'
      00003B 45                     135 	.db #0x45	; 69	'E'
      00003C 00                     136 	.db #0x00	; 0
      00003D 4C                     137 	.db #0x4c	; 76	'L'
      00003E 41                     138 	.db #0x41	; 65	'A'
      00003F 53                     139 	.db #0x53	; 83	'S'
      000040 54                     140 	.db #0x54	; 84	'T'
      000041 00                     141 	.db #0x00	; 0
      000042 00                     142 	.db #0x00	; 0
      000043 00                     143 	.db #0x00	; 0
      000044 54                     144 	.db #0x54	; 84	'T'
      000045 49                     145 	.db #0x49	; 73	'I'
      000046 4D                     146 	.db #0x4d	; 77	'M'
      000047 45                     147 	.db #0x45	; 69	'E'
      000048 00                     148 	.db #0x00	; 0
      000049 49                     149 	.db #0x49	; 73	'I'
      00004A 4E                     150 	.db #0x4e	; 78	'N'
      00004B 00                     151 	.db #0x00	; 0
      00004C 48                     152 	.db #0x48	; 72	'H'
      00004D 49                     153 	.db #0x49	; 73	'I'
      00004E 53                     154 	.db #0x53	; 83	'S'
      00004F 54                     155 	.db #0x54	; 84	'T'
      000050 4F                     156 	.db #0x4f	; 79	'O'
      000051 52                     157 	.db #0x52	; 82	'R'
      000052 59                     158 	.db #0x59	; 89	'Y'
      000053 00                     159 	.db #0x00	; 0
      000054 57                     160 	.db #0x57	; 87	'W'
      000055 49                     161 	.db #0x49	; 73	'I'
      000056 54                     162 	.db #0x54	; 84	'T'
      000057 48                     163 	.db #0x48	; 72	'H'
      000058 53                     164 	.db #0x53	; 83	'S'
      000059 4F                     165 	.db #0x4f	; 79	'O'
      00005A 4D                     166 	.db #0x4d	; 77	'M'
      00005B 45                     167 	.db #0x45	; 69	'E'
      00005C 54                     168 	.db #0x54	; 84	'T'
      00005D 48                     169 	.db #0x48	; 72	'H'
      00005E 49                     170 	.db #0x49	; 73	'I'
      00005F 4E                     171 	.db #0x4e	; 78	'N'
      000060 47                     172 	.db #0x47	; 71	'G'
      000061 00                     173 	.db #0x00	; 0
      000062 00                     174 	.db #0x00	; 0
      000063 00                     175 	.db #0x00	; 0
      000064 00                     176 	.db #0x00	; 0
      000065 00                     177 	.db #0x00	; 0
      000066 00                     178 	.db #0x00	; 0
      000067 00                     179 	.db #0x00	; 0
      000068 00                     180 	.db #0x00	; 0
      000069 00                     181 	.db #0x00	; 0
      00006A 00                     182 	.db #0x00	; 0
      00006B 00                     183 	.db #0x00	; 0
      00006C 43                     184 	.db #0x43	; 67	'C'
      00006D 4F                     185 	.db #0x4f	; 79	'O'
      00006E 4D                     186 	.db #0x4d	; 77	'M'
      00006F 4D                     187 	.db #0x4d	; 77	'M'
      000070 45                     188 	.db #0x45	; 69	'E'
      000071 4E                     189 	.db #0x4e	; 78	'N'
      000072 53                     190 	.db #0x53	; 83	'S'
      000073 55                     191 	.db #0x55	; 85	'U'
      000074 52                     192 	.db #0x52	; 82	'R'
      000075 41                     193 	.db #0x41	; 65	'A'
      000076 54                     194 	.db #0x54	; 84	'T'
      000077 45                     195 	.db #0x45	; 69	'E'
      000078 00                     196 	.db #0x00	; 0
      000079 54                     197 	.db #0x54	; 84	'T'
      00007A 4F                     198 	.db #0x4f	; 79	'O'
      00007B 00                     199 	.db #0x00	; 0
      00007C 48                     200 	.db #0x48	; 72	'H'
      00007D 49                     201 	.db #0x49	; 73	'I'
      00007E 53                     202 	.db #0x53	; 83	'S'
      00007F 00                     203 	.db #0x00	; 0
      000080 43                     204 	.db #0x43	; 67	'C'
      000081 41                     205 	.db #0x41	; 65	'A'
      000082 50                     206 	.db #0x50	; 80	'P'
      000083 41                     207 	.db #0x41	; 65	'A'
      000084 43                     208 	.db #0x43	; 67	'C'
      000085 49                     209 	.db #0x49	; 73	'I'
      000086 54                     210 	.db #0x54	; 84	'T'
      000087 59                     211 	.db #0x59	; 89	'Y'
      000088 00                     212 	.db #0x00	; 0
      000089 46                     213 	.db #0x46	; 70	'F'
      00008A 4F                     214 	.db #0x4f	; 79	'O'
      00008B 52                     215 	.db #0x52	; 82	'R'
      00008C 00                     216 	.db #0x00	; 0
      00008D 57                     217 	.db #0x57	; 87	'W'
      00008E 4F                     218 	.db #0x4f	; 79	'O'
      00008F 4E                     219 	.db #0x4e	; 78	'N'
      000090 44                     220 	.db #0x44	; 68	'D'
      000091 45                     221 	.db #0x45	; 69	'E'
      000092 52                     222 	.db #0x52	; 82	'R'
      000093 0E                     223 	.db #0x0e	; 14
      000094 00                     224 	.db #0x00	; 0
      000095 00                     225 	.db #0x00	; 0
      000096 00                     226 	.db #0x00	; 0
      000097 00                     227 	.db #0x00	; 0
      000098 00                     228 	.db #0x00	; 0
      000099 00                     229 	.db #0x00	; 0
      00009A 00                     230 	.db #0x00	; 0
      00009B 00                     231 	.db #0x00	; 0
      00009C 00                     232 	.db #0x00	; 0
      00009D 00                     233 	.db #0x00	; 0
      00009E 00                     234 	.db #0x00	; 0
      00009F 00                     235 	.db #0x00	; 0
      0000A0 00                     236 	.db #0x00	; 0
      0000A1 00                     237 	.db #0x00	; 0
      0000A2 00                     238 	.db #0x00	; 0
      0000A3 00                     239 	.db #0x00	; 0
      0000A4 00                     240 	.db #0x00	; 0
      0000A5 00                     241 	.db #0x00	; 0
      0000A6 00                     242 	.db #0x00	; 0
      0000A7 00                     243 	.db #0x00	; 0
      0000A8 21                     244 	.db #0x21	; 33
      0000A9 4E                     245 	.db #0x4e	; 78	'N'
      0000AA 44                     246 	.db #0x44	; 68	'D'
      0000AB 00                     247 	.db #0x00	; 0
      0000AC 41                     248 	.db #0x41	; 65	'A'
      0000AD 53                     249 	.db #0x53	; 83	'S'
      0000AE 00                     250 	.db #0x00	; 0
      0000AF 29                     251 	.db #0x29	; 41
      0000B0 00                     252 	.db #0x00	; 0
      0000B1 53                     253 	.db #0x53	; 83	'S'
      0000B2 41                     254 	.db #0x41	; 65	'A'
      0000B3 54                     255 	.db #0x54	; 84	'T'
      0000B4 00                     256 	.db #0x00	; 0
      0000B5 54                     257 	.db #0x54	; 84	'T'
      0000B6 48                     258 	.db #0x48	; 72	'H'
      0000B7 45                     259 	.db #0x45	; 69	'E'
      0000B8 52                     260 	.db #0x52	; 82	'R'
      0000B9 45                     261 	.db #0x45	; 69	'E'
      0000BA 00                     262 	.db #0x00	; 0
      0000BB 00                     263 	.db #0x00	; 0
      0000BC 42                     264 	.db #0x42	; 66	'B'
      0000BD 52                     265 	.db #0x52	; 82	'R'
      0000BE 4F                     266 	.db #0x4f	; 79	'O'
      0000BF 4F                     267 	.db #0x4f	; 79	'O'
      0000C0 44                     268 	.db #0x44	; 68	'D'
      0000C1 49                     269 	.db #0x49	; 73	'I'
      0000C2 4E                     270 	.db #0x4e	; 78	'N'
      0000C3 47                     271 	.db #0x47	; 71	'G'
      0000C4 00                     272 	.db #0x00	; 0
      0000C5 4F                     273 	.db #0x4f	; 79	'O'
      0000C6 4E                     274 	.db #0x4e	; 78	'N'
      0000C7 00                     275 	.db #0x00	; 0
      0000C8 54                     276 	.db #0x54	; 84	'T'
      0000C9 48                     277 	.db #0x48	; 72	'H'
      0000CA 45                     278 	.db #0x45	; 69	'E'
      0000CB 00                     279 	.db #0x00	; 0
      0000CC 4F                     280 	.db #0x4f	; 79	'O'
      0000CD 4C                     281 	.db #0x4c	; 76	'L'
      0000CE 44                     282 	.db #0x44	; 68	'D'
      0000CF 0C                     283 	.db #0x0c	; 12
      0000D0 55                     284 	.db #0x55	; 85	'U'
      0000D1 4E                     285 	.db #0x4e	; 78	'N'
      0000D2 4B                     286 	.db #0x4b	; 75	'K'
      0000D3 4E                     287 	.db #0x4e	; 78	'N'
      0000D4 4F                     288 	.db #0x4f	; 79	'O'
      0000D5 57                     289 	.db #0x57	; 87	'W'
      0000D6 4E                     290 	.db #0x4e	; 78	'N'
      0000D7 00                     291 	.db #0x00	; 0
      0000D8 57                     292 	.db #0x57	; 87	'W'
      0000D9 4F                     293 	.db #0x4f	; 79	'O'
      0000DA 52                     294 	.db #0x52	; 82	'R'
      0000DB 4C                     295 	.db #0x4c	; 76	'L'
      0000DC 44                     296 	.db #0x44	; 68	'D'
      0000DD 0C                     297 	.db #0x0c	; 12
      0000DE 00                     298 	.db #0x00	; 0
      0000DF 29                     299 	.db #0x29	; 41
      0000E0 00                     300 	.db #0x00	; 0
      0000E1 00                     301 	.db #0x00	; 0
      0000E2 00                     302 	.db #0x00	; 0
      0000E3 00                     303 	.db #0x00	; 0
      0000E4 54                     304 	.db #0x54	; 84	'T'
      0000E5 48                     305 	.db #0x48	; 72	'H'
      0000E6 4F                     306 	.db #0x4f	; 79	'O'
      0000E7 55                     307 	.db #0x55	; 85	'U'
      0000E8 47                     308 	.db #0x47	; 71	'G'
      0000E9 48                     309 	.db #0x48	; 72	'H'
      0000EA 54                     310 	.db #0x54	; 84	'T'
      0000EB 00                     311 	.db #0x00	; 0
      0000EC 4F                     312 	.db #0x4f	; 79	'O'
      0000ED 46                     313 	.db #0x46	; 70	'F'
      0000EE 00                     314 	.db #0x00	; 0
      0000EF 27                     315 	.db #0x27	; 39
      0000F0 41                     316 	.db #0x41	; 65	'A'
      0000F1 54                     317 	.db #0x54	; 84	'T'
      0000F2 53                     318 	.db #0x53	; 83	'S'
      0000F3 42                     319 	.db #0x42	; 66	'B'
      0000F4 59                     320 	.db #0x59	; 89	'Y'
      0000F5 07                     321 	.db #0x07	; 7
      0000F6 53                     322 	.db #0x53	; 83	'S'
      0000F7 00                     323 	.db #0x00	; 0
      0000F8 57                     324 	.db #0x57	; 87	'W'
      0000F9 4F                     325 	.db #0x4f	; 79	'O'
      0000FA 4E                     326 	.db #0x4e	; 78	'N'
      0000FB 44                     327 	.db #0x44	; 68	'D'
      0000FC 45                     328 	.db #0x45	; 69	'E'
      0000FD 52                     329 	.db #0x52	; 82	'R'
      0000FE 00                     330 	.db #0x00	; 0
      0000FF 57                     331 	.db #0x57	; 87	'W'
      000100 48                     332 	.db #0x48	; 72	'H'
      000101 45                     333 	.db #0x45	; 69	'E'
      000102 4E                     334 	.db #0x4e	; 78	'N'
      000103 00                     335 	.db #0x00	; 0
      000104 48                     336 	.db #0x48	; 72	'H'
      000105 45                     337 	.db #0x45	; 69	'E'
      000106 00                     338 	.db #0x00	; 0
      000107 46                     339 	.db #0x46	; 70	'F'
      000108 49                     340 	.db #0x49	; 73	'I'
      000109 52                     341 	.db #0x52	; 82	'R'
      00010A 53                     342 	.db #0x53	; 83	'S'
      00010B 54                     343 	.db #0x54	; 84	'T'
      00010C 50                     344 	.db #0x50	; 80	'P'
      00010D 49                     345 	.db #0x49	; 73	'I'
      00010E 43                     346 	.db #0x43	; 67	'C'
      00010F 4B                     347 	.db #0x4b	; 75	'K'
      000110 45                     348 	.db #0x45	; 69	'E'
      000111 44                     349 	.db #0x44	; 68	'D'
      000112 00                     350 	.db #0x00	; 0
      000113 4F                     351 	.db #0x4f	; 79	'O'
      000114 55                     352 	.db #0x55	; 85	'U'
      000115 54                     353 	.db #0x54	; 84	'T'
      000116 00                     354 	.db #0x00	; 0
      000117 54                     355 	.db #0x54	; 84	'T'
      000118 48                     356 	.db #0x48	; 72	'H'
      000119 45                     357 	.db #0x45	; 69	'E'
      00011A 00                     358 	.db #0x00	; 0
      00011B 47                     359 	.db #0x47	; 71	'G'
      00011C 52                     360 	.db #0x52	; 82	'R'
      00011D 45                     361 	.db #0x45	; 69	'E'
      00011E 45                     362 	.db #0x45	; 69	'E'
      00011F 4E                     363 	.db #0x4e	; 78	'N'
      000120 4C                     364 	.db #0x4c	; 76	'L'
      000121 49                     365 	.db #0x49	; 73	'I'
      000122 47                     366 	.db #0x47	; 71	'G'
      000123 48                     367 	.db #0x48	; 72	'H'
      000124 54                     368 	.db #0x54	; 84	'T'
      000125 00                     369 	.db #0x00	; 0
      000126 41                     370 	.db #0x41	; 65	'A'
      000127 54                     371 	.db #0x54	; 84	'T'
      000128 00                     372 	.db #0x00	; 0
      000129 54                     373 	.db #0x54	; 84	'T'
      00012A 48                     374 	.db #0x48	; 72	'H'
      00012B 45                     375 	.db #0x45	; 69	'E'
      00012C 00                     376 	.db #0x00	; 0
      00012D 45                     377 	.db #0x45	; 69	'E'
      00012E 4E                     378 	.db #0x4e	; 78	'N'
      00012F 44                     379 	.db #0x44	; 68	'D'
      000130 00                     380 	.db #0x00	; 0
      000131 4F                     381 	.db #0x4f	; 79	'O'
      000132 46                     382 	.db #0x46	; 70	'F'
      000133 00                     383 	.db #0x00	; 0
      000134 24                     384 	.db #0x24	; 36
      000135 41                     385 	.db #0x41	; 65	'A'
      000136 49                     386 	.db #0x49	; 73	'I'
      000137 53                     387 	.db #0x53	; 83	'S'
      000138 59                     388 	.db #0x59	; 89	'Y'
      000139 07                     389 	.db #0x07	; 7
      00013A 53                     390 	.db #0x53	; 83	'S'
      00013B 00                     391 	.db #0x00	; 0
      00013C 44                     392 	.db #0x44	; 68	'D'
      00013D 4F                     393 	.db #0x4f	; 79	'O'
      00013E 43                     394 	.db #0x43	; 67	'C'
      00013F 4B                     395 	.db #0x4b	; 75	'K'
      000140 0E                     396 	.db #0x0e	; 14
      000141 00                     397 	.db #0x00	; 0
      000142 28                     398 	.db #0x28	; 40
      000143 45                     399 	.db #0x45	; 69	'E'
      000144 00                     400 	.db #0x00	; 0
      000145 48                     401 	.db #0x48	; 72	'H'
      000146 41                     402 	.db #0x41	; 65	'A'
      000147 44                     403 	.db #0x44	; 68	'D'
      000148 43                     404 	.db #0x43	; 67	'C'
      000149 4F                     405 	.db #0x4f	; 79	'O'
      00014A 4D                     406 	.db #0x4d	; 77	'M'
      00014B 45                     407 	.db #0x45	; 69	'E'
      00014C 00                     408 	.db #0x00	; 0
      00014D 41                     409 	.db #0x41	; 65	'A'
      00014E 00                     410 	.db #0x00	; 0
      00014F 4C                     411 	.db #0x4c	; 76	'L'
      000150 4F                     412 	.db #0x4f	; 79	'O'
      000151 4E                     413 	.db #0x4e	; 78	'N'
      000152 47                     414 	.db #0x47	; 71	'G'
      000153 00                     415 	.db #0x00	; 0
      000154 57                     416 	.db #0x57	; 87	'W'
      000155 41                     417 	.db #0x41	; 65	'A'
      000156 59                     418 	.db #0x59	; 89	'Y'
      000157 00                     419 	.db #0x00	; 0
      000158 54                     420 	.db #0x54	; 84	'T'
      000159 4F                     421 	.db #0x4f	; 79	'O'
      00015A 00                     422 	.db #0x00	; 0
      00015B 00                     423 	.db #0x00	; 0
      00015C 54                     424 	.db #0x54	; 84	'T'
      00015D 48                     425 	.db #0x48	; 72	'H'
      00015E 49                     426 	.db #0x49	; 73	'I'
      00015F 53                     427 	.db #0x53	; 83	'S'
      000160 00                     428 	.db #0x00	; 0
      000161 42                     429 	.db #0x42	; 66	'B'
      000162 4C                     430 	.db #0x4c	; 76	'L'
      000163 55                     431 	.db #0x55	; 85	'U'
      000164 45                     432 	.db #0x45	; 69	'E'
      000165 00                     433 	.db #0x00	; 0
      000166 4C                     434 	.db #0x4c	; 76	'L'
      000167 41                     435 	.db #0x41	; 65	'A'
      000168 57                     436 	.db #0x57	; 87	'W'
      000169 4E                     437 	.db #0x4e	; 78	'N'
      00016A 0C                     438 	.db #0x0c	; 12
      00016B 00                     439 	.db #0x00	; 0
      00016C 41                     440 	.db #0x41	; 65	'A'
      00016D 4E                     441 	.db #0x4e	; 78	'N'
      00016E 44                     442 	.db #0x44	; 68	'D'
      00016F 00                     443 	.db #0x00	; 0
      000170                        444 _page_947:
      000170r00s00                  445 	.byte _page_946, (_page_946 >> 8)
      000172r00s00                  446 	.byte ___bank_gatsby_946, (___bank_gatsby_946 >> 8)
      000174rE0s02                  447 	.byte _page_948, (_page_948 >> 8)
      000176r00s00                  448 	.byte ___bank_gatsby_948, (___bank_gatsby_948 >> 8)
      000178 48                     449 	.db #0x48	; 72	'H'
      000179 49                     450 	.db #0x49	; 73	'I'
      00017A 53                     451 	.db #0x53	; 83	'S'
      00017B 00                     452 	.db #0x00	; 0
      00017C 44                     453 	.db #0x44	; 68	'D'
      00017D 52                     454 	.db #0x52	; 82	'R'
      00017E 45                     455 	.db #0x45	; 69	'E'
      00017F 41                     456 	.db #0x41	; 65	'A'
      000180 4D                     457 	.db #0x4d	; 77	'M'
      000181 00                     458 	.db #0x00	; 0
      000182 4D                     459 	.db #0x4d	; 77	'M'
      000183 55                     460 	.db #0x55	; 85	'U'
      000184 53                     461 	.db #0x53	; 83	'S'
      000185 54                     462 	.db #0x54	; 84	'T'
      000186 00                     463 	.db #0x00	; 0
      000187 48                     464 	.db #0x48	; 72	'H'
      000188 41                     465 	.db #0x41	; 65	'A'
      000189 56                     466 	.db #0x56	; 86	'V'
      00018A 45                     467 	.db #0x45	; 69	'E'
      00018B 00                     468 	.db #0x00	; 0
      00018C 53                     469 	.db #0x53	; 83	'S'
      00018D 45                     470 	.db #0x45	; 69	'E'
      00018E 45                     471 	.db #0x45	; 69	'E'
      00018F 4D                     472 	.db #0x4d	; 77	'M'
      000190 45                     473 	.db #0x45	; 69	'E'
      000191 44                     474 	.db #0x44	; 68	'D'
      000192 00                     475 	.db #0x00	; 0
      000193 53                     476 	.db #0x53	; 83	'S'
      000194 4F                     477 	.db #0x4f	; 79	'O'
      000195 00                     478 	.db #0x00	; 0
      000196 43                     479 	.db #0x43	; 67	'C'
      000197 4C                     480 	.db #0x4c	; 76	'L'
      000198 4F                     481 	.db #0x4f	; 79	'O'
      000199 53                     482 	.db #0x53	; 83	'S'
      00019A 45                     483 	.db #0x45	; 69	'E'
      00019B 00                     484 	.db #0x00	; 0
      00019C 54                     485 	.db #0x54	; 84	'T'
      00019D 48                     486 	.db #0x48	; 72	'H'
      00019E 41                     487 	.db #0x41	; 65	'A'
      00019F 54                     488 	.db #0x54	; 84	'T'
      0001A0 48                     489 	.db #0x48	; 72	'H'
      0001A1 45                     490 	.db #0x45	; 69	'E'
      0001A2 00                     491 	.db #0x00	; 0
      0001A3 43                     492 	.db #0x43	; 67	'C'
      0001A4 4F                     493 	.db #0x4f	; 79	'O'
      0001A5 55                     494 	.db #0x55	; 85	'U'
      0001A6 4C                     495 	.db #0x4c	; 76	'L'
      0001A7 44                     496 	.db #0x44	; 68	'D'
      0001A8 00                     497 	.db #0x00	; 0
      0001A9 48                     498 	.db #0x48	; 72	'H'
      0001AA 41                     499 	.db #0x41	; 65	'A'
      0001AB 52                     500 	.db #0x52	; 82	'R'
      0001AC 44                     501 	.db #0x44	; 68	'D'
      0001AD 4C                     502 	.db #0x4c	; 76	'L'
      0001AE 59                     503 	.db #0x59	; 89	'Y'
      0001AF 00                     504 	.db #0x00	; 0
      0001B0 46                     505 	.db #0x46	; 70	'F'
      0001B1 41                     506 	.db #0x41	; 65	'A'
      0001B2 49                     507 	.db #0x49	; 73	'I'
      0001B3 4C                     508 	.db #0x4c	; 76	'L'
      0001B4 54                     509 	.db #0x54	; 84	'T'
      0001B5 4F                     510 	.db #0x4f	; 79	'O'
      0001B6 00                     511 	.db #0x00	; 0
      0001B7 47                     512 	.db #0x47	; 71	'G'
      0001B8 52                     513 	.db #0x52	; 82	'R'
      0001B9 41                     514 	.db #0x41	; 65	'A'
      0001BA 53                     515 	.db #0x53	; 83	'S'
      0001BB 50                     516 	.db #0x50	; 80	'P'
      0001BC 00                     517 	.db #0x00	; 0
      0001BD 49                     518 	.db #0x49	; 73	'I'
      0001BE 54                     519 	.db #0x54	; 84	'T'
      0001BF 0E                     520 	.db #0x0e	; 14
      0001C0 00                     521 	.db #0x00	; 0
      0001C1 28                     522 	.db #0x28	; 40
      0001C2 45                     523 	.db #0x45	; 69	'E'
      0001C3 00                     524 	.db #0x00	; 0
      0001C4 44                     525 	.db #0x44	; 68	'D'
      0001C5 49                     526 	.db #0x49	; 73	'I'
      0001C6 44                     527 	.db #0x44	; 68	'D'
      0001C7 00                     528 	.db #0x00	; 0
      0001C8 4E                     529 	.db #0x4e	; 78	'N'
      0001C9 4F                     530 	.db #0x4f	; 79	'O'
      0001CA 54                     531 	.db #0x54	; 84	'T'
      0001CB 00                     532 	.db #0x00	; 0
      0001CC 4B                     533 	.db #0x4b	; 75	'K'
      0001CD 4E                     534 	.db #0x4e	; 78	'N'
      0001CE 4F                     535 	.db #0x4f	; 79	'O'
      0001CF 57                     536 	.db #0x57	; 87	'W'
      0001D0 00                     537 	.db #0x00	; 0
      0001D1 54                     538 	.db #0x54	; 84	'T'
      0001D2 48                     539 	.db #0x48	; 72	'H'
      0001D3 41                     540 	.db #0x41	; 65	'A'
      0001D4 54                     541 	.db #0x54	; 84	'T'
      0001D5 00                     542 	.db #0x00	; 0
      0001D6 49                     543 	.db #0x49	; 73	'I'
      0001D7 54                     544 	.db #0x54	; 84	'T'
      0001D8 00                     545 	.db #0x00	; 0
      0001D9 57                     546 	.db #0x57	; 87	'W'
      0001DA 41                     547 	.db #0x41	; 65	'A'
      0001DB 53                     548 	.db #0x53	; 83	'S'
      0001DC 41                     549 	.db #0x41	; 65	'A'
      0001DD 4C                     550 	.db #0x4c	; 76	'L'
      0001DE 52                     551 	.db #0x52	; 82	'R'
      0001DF 45                     552 	.db #0x45	; 69	'E'
      0001E0 41                     553 	.db #0x41	; 65	'A'
      0001E1 44                     554 	.db #0x44	; 68	'D'
      0001E2 59                     555 	.db #0x59	; 89	'Y'
      0001E3 00                     556 	.db #0x00	; 0
      0001E4 42                     557 	.db #0x42	; 66	'B'
      0001E5 45                     558 	.db #0x45	; 69	'E'
      0001E6 48                     559 	.db #0x48	; 72	'H'
      0001E7 49                     560 	.db #0x49	; 73	'I'
      0001E8 4E                     561 	.db #0x4e	; 78	'N'
      0001E9 44                     562 	.db #0x44	; 68	'D'
      0001EA 00                     563 	.db #0x00	; 0
      0001EB 48                     564 	.db #0x48	; 72	'H'
      0001EC 49                     565 	.db #0x49	; 73	'I'
      0001ED 4D                     566 	.db #0x4d	; 77	'M'
      0001EE 0C                     567 	.db #0x0c	; 12
      0001EF 00                     568 	.db #0x00	; 0
      0001F0 53                     569 	.db #0x53	; 83	'S'
      0001F1 4F                     570 	.db #0x4f	; 79	'O'
      0001F2 4D                     571 	.db #0x4d	; 77	'M'
      0001F3 45                     572 	.db #0x45	; 69	'E'
      0001F4 57                     573 	.db #0x57	; 87	'W'
      0001F5 48                     574 	.db #0x48	; 72	'H'
      0001F6 45                     575 	.db #0x45	; 69	'E'
      0001F7 52                     576 	.db #0x52	; 82	'R'
      0001F8 45                     577 	.db #0x45	; 69	'E'
      0001F9 00                     578 	.db #0x00	; 0
      0001FA 42                     579 	.db #0x42	; 66	'B'
      0001FB 41                     580 	.db #0x41	; 65	'A'
      0001FC 43                     581 	.db #0x43	; 67	'C'
      0001FD 4B                     582 	.db #0x4b	; 75	'K'
      0001FE 00                     583 	.db #0x00	; 0
      0001FF 49                     584 	.db #0x49	; 73	'I'
      000200 4E                     585 	.db #0x4e	; 78	'N'
      000201 00                     586 	.db #0x00	; 0
      000202 00                     587 	.db #0x00	; 0
      000203 00                     588 	.db #0x00	; 0
      000204 54                     589 	.db #0x54	; 84	'T'
      000205 48                     590 	.db #0x48	; 72	'H'
      000206 41                     591 	.db #0x41	; 65	'A'
      000207 54                     592 	.db #0x54	; 84	'T'
      000208 00                     593 	.db #0x00	; 0
      000209 56                     594 	.db #0x56	; 86	'V'
      00020A 41                     595 	.db #0x41	; 65	'A'
      00020B 53                     596 	.db #0x53	; 83	'S'
      00020C 54                     597 	.db #0x54	; 84	'T'
      00020D 00                     598 	.db #0x00	; 0
      00020E 4F                     599 	.db #0x4f	; 79	'O'
      00020F 42                     600 	.db #0x42	; 66	'B'
      000210 53                     601 	.db #0x53	; 83	'S'
      000211 43                     602 	.db #0x43	; 67	'C'
      000212 55                     603 	.db #0x55	; 85	'U'
      000213 52                     604 	.db #0x52	; 82	'R'
      000214 49                     605 	.db #0x49	; 73	'I'
      000215 54                     606 	.db #0x54	; 84	'T'
      000216 59                     607 	.db #0x59	; 89	'Y'
      000217 00                     608 	.db #0x00	; 0
      000218 42                     609 	.db #0x42	; 66	'B'
      000219 45                     610 	.db #0x45	; 69	'E'
      00021A 59                     611 	.db #0x59	; 89	'Y'
      00021B 4F                     612 	.db #0x4f	; 79	'O'
      00021C 4E                     613 	.db #0x4e	; 78	'N'
      00021D 44                     614 	.db #0x44	; 68	'D'
      00021E 00                     615 	.db #0x00	; 0
      00021F 54                     616 	.db #0x54	; 84	'T'
      000220 48                     617 	.db #0x48	; 72	'H'
      000221 45                     618 	.db #0x45	; 69	'E'
      000222 00                     619 	.db #0x00	; 0
      000223 43                     620 	.db #0x43	; 67	'C'
      000224 49                     621 	.db #0x49	; 73	'I'
      000225 54                     622 	.db #0x54	; 84	'T'
      000226 59                     623 	.db #0x59	; 89	'Y'
      000227 0C                     624 	.db #0x0c	; 12
      000228 00                     625 	.db #0x00	; 0
      000229 00                     626 	.db #0x00	; 0
      00022A 00                     627 	.db #0x00	; 0
      00022B 00                     628 	.db #0x00	; 0
      00022C 57                     629 	.db #0x57	; 87	'W'
      00022D 48                     630 	.db #0x48	; 72	'H'
      00022E 45                     631 	.db #0x45	; 69	'E'
      00022F 52                     632 	.db #0x52	; 82	'R'
      000230 45                     633 	.db #0x45	; 69	'E'
      000231 00                     634 	.db #0x00	; 0
      000232 54                     635 	.db #0x54	; 84	'T'
      000233 48                     636 	.db #0x48	; 72	'H'
      000234 45                     637 	.db #0x45	; 69	'E'
      000235 00                     638 	.db #0x00	; 0
      000236 44                     639 	.db #0x44	; 68	'D'
      000237 41                     640 	.db #0x41	; 65	'A'
      000238 52                     641 	.db #0x52	; 82	'R'
      000239 4B                     642 	.db #0x4b	; 75	'K'
      00023A 00                     643 	.db #0x00	; 0
      00023B 00                     644 	.db #0x00	; 0
      00023C 00                     645 	.db #0x00	; 0
      00023D 00                     646 	.db #0x00	; 0
      00023E 00                     647 	.db #0x00	; 0
      00023F 00                     648 	.db #0x00	; 0
      000240 46                     649 	.db #0x46	; 70	'F'
      000241 49                     650 	.db #0x49	; 73	'I'
      000242 45                     651 	.db #0x45	; 69	'E'
      000243 4C                     652 	.db #0x4c	; 76	'L'
      000244 44                     653 	.db #0x44	; 68	'D'
      000245 53                     654 	.db #0x53	; 83	'S'
      000246 00                     655 	.db #0x00	; 0
      000247 4F                     656 	.db #0x4f	; 79	'O'
      000248 46                     657 	.db #0x46	; 70	'F'
      000249 00                     658 	.db #0x00	; 0
      00024A 54                     659 	.db #0x54	; 84	'T'
      00024B 48                     660 	.db #0x48	; 72	'H'
      00024C 45                     661 	.db #0x45	; 69	'E'
      00024D 00                     662 	.db #0x00	; 0
      00024E 00                     663 	.db #0x00	; 0
      00024F 00                     664 	.db #0x00	; 0
      000250 00                     665 	.db #0x00	; 0
      000251 00                     666 	.db #0x00	; 0
      000252 00                     667 	.db #0x00	; 0
      000253 00                     668 	.db #0x00	; 0
      000254 52                     669 	.db #0x52	; 82	'R'
      000255 45                     670 	.db #0x45	; 69	'E'
      000256 50                     671 	.db #0x50	; 80	'P'
      000257 55                     672 	.db #0x55	; 85	'U'
      000258 42                     673 	.db #0x42	; 66	'B'
      000259 4C                     674 	.db #0x4c	; 76	'L'
      00025A 49                     675 	.db #0x49	; 73	'I'
      00025B 43                     676 	.db #0x43	; 67	'C'
      00025C 00                     677 	.db #0x00	; 0
      00025D 52                     678 	.db #0x52	; 82	'R'
      00025E 4F                     679 	.db #0x4f	; 79	'O'
      00025F 4C                     680 	.db #0x4c	; 76	'L'
      000260 4C                     681 	.db #0x4c	; 76	'L'
      000261 45                     682 	.db #0x45	; 69	'E'
      000262 44                     683 	.db #0x44	; 68	'D'
      000263 00                     684 	.db #0x00	; 0
      000264 4F                     685 	.db #0x4f	; 79	'O'
      000265 4E                     686 	.db #0x4e	; 78	'N'
      000266 00                     687 	.db #0x00	; 0
      000267 00                     688 	.db #0x00	; 0
      000268 55                     689 	.db #0x55	; 85	'U'
      000269 4E                     690 	.db #0x4e	; 78	'N'
      00026A 44                     691 	.db #0x44	; 68	'D'
      00026B 45                     692 	.db #0x45	; 69	'E'
      00026C 52                     693 	.db #0x52	; 82	'R'
      00026D 00                     694 	.db #0x00	; 0
      00026E 54                     695 	.db #0x54	; 84	'T'
      00026F 48                     696 	.db #0x48	; 72	'H'
      000270 45                     697 	.db #0x45	; 69	'E'
      000271 00                     698 	.db #0x00	; 0
      000272 4E                     699 	.db #0x4e	; 78	'N'
      000273 49                     700 	.db #0x49	; 73	'I'
      000274 47                     701 	.db #0x47	; 71	'G'
      000275 48                     702 	.db #0x48	; 72	'H'
      000276 54                     703 	.db #0x54	; 84	'T'
      000277 0E                     704 	.db #0x0e	; 14
      000278 00                     705 	.db #0x00	; 0
      000279 00                     706 	.db #0x00	; 0
      00027A 00                     707 	.db #0x00	; 0
      00027B 00                     708 	.db #0x00	; 0
      00027C 00                     709 	.db #0x00	; 0
      00027D 00                     710 	.db #0x00	; 0
      00027E 00                     711 	.db #0x00	; 0
      00027F 00                     712 	.db #0x00	; 0
      000280 00                     713 	.db #0x00	; 0
      000281 00                     714 	.db #0x00	; 0
      000282 00                     715 	.db #0x00	; 0
      000283 00                     716 	.db #0x00	; 0
      000284 00                     717 	.db #0x00	; 0
      000285 00                     718 	.db #0x00	; 0
      000286 00                     719 	.db #0x00	; 0
      000287 00                     720 	.db #0x00	; 0
      000288 00                     721 	.db #0x00	; 0
      000289 00                     722 	.db #0x00	; 0
      00028A 00                     723 	.db #0x00	; 0
      00028B 00                     724 	.db #0x00	; 0
      00028C 00                     725 	.db #0x00	; 0
      00028D 00                     726 	.db #0x00	; 0
      00028E 00                     727 	.db #0x00	; 0
      00028F 00                     728 	.db #0x00	; 0
      000290 27                     729 	.db #0x27	; 39
      000291 41                     730 	.db #0x41	; 65	'A'
      000292 54                     731 	.db #0x54	; 84	'T'
      000293 53                     732 	.db #0x53	; 83	'S'
      000294 42                     733 	.db #0x42	; 66	'B'
      000295 59                     734 	.db #0x59	; 89	'Y'
      000296 00                     735 	.db #0x00	; 0
      000297 42                     736 	.db #0x42	; 66	'B'
      000298 45                     737 	.db #0x45	; 69	'E'
      000299 4C                     738 	.db #0x4c	; 76	'L'
      00029A 49                     739 	.db #0x49	; 73	'I'
      00029B 45                     740 	.db #0x45	; 69	'E'
      00029C 56                     741 	.db #0x56	; 86	'V'
      00029D 45                     742 	.db #0x45	; 69	'E'
      00029E 44                     743 	.db #0x44	; 68	'D'
      00029F 00                     744 	.db #0x00	; 0
      0002A0 49                     745 	.db #0x49	; 73	'I'
      0002A1 4E                     746 	.db #0x4e	; 78	'N'
      0002A2 00                     747 	.db #0x00	; 0
      0002A3 00                     748 	.db #0x00	; 0
      0002A4 54                     749 	.db #0x54	; 84	'T'
      0002A5 48                     750 	.db #0x48	; 72	'H'
      0002A6 45                     751 	.db #0x45	; 69	'E'
      0002A7 00                     752 	.db #0x00	; 0
      0002A8 47                     753 	.db #0x47	; 71	'G'
      0002A9 52                     754 	.db #0x52	; 82	'R'
      0002AA 45                     755 	.db #0x45	; 69	'E'
      0002AB 45                     756 	.db #0x45	; 69	'E'
      0002AC 4E                     757 	.db #0x4e	; 78	'N'
      0002AD 00                     758 	.db #0x00	; 0
      0002AE 4C                     759 	.db #0x4c	; 76	'L'
      0002AF 49                     760 	.db #0x49	; 73	'I'
      0002B0 47                     761 	.db #0x47	; 71	'G'
      0002B1 48                     762 	.db #0x48	; 72	'H'
      0002B2 54                     763 	.db #0x54	; 84	'T'
      0002B3 0C                     764 	.db #0x0c	; 12
      0002B4 00                     765 	.db #0x00	; 0
      0002B5 54                     766 	.db #0x54	; 84	'T'
      0002B6 48                     767 	.db #0x48	; 72	'H'
      0002B7 45                     768 	.db #0x45	; 69	'E'
      0002B8 4F                     769 	.db #0x4f	; 79	'O'
      0002B9 52                     770 	.db #0x52	; 82	'R'
      0002BA 47                     771 	.db #0x47	; 71	'G'
      0002BB 41                     772 	.db #0x41	; 65	'A'
      0002BC 53                     773 	.db #0x53	; 83	'S'
      0002BD 54                     774 	.db #0x54	; 84	'T'
      0002BE 49                     775 	.db #0x49	; 73	'I'
      0002BF 43                     776 	.db #0x43	; 67	'C'
      0002C0 00                     777 	.db #0x00	; 0
      0002C1 46                     778 	.db #0x46	; 70	'F'
      0002C2 55                     779 	.db #0x55	; 85	'U'
      0002C3 54                     780 	.db #0x54	; 84	'T'
      0002C4 55                     781 	.db #0x55	; 85	'U'
      0002C5 52                     782 	.db #0x52	; 82	'R'
      0002C6 45                     783 	.db #0x45	; 69	'E'
      0002C7 00                     784 	.db #0x00	; 0
      0002C8 54                     785 	.db #0x54	; 84	'T'
      0002C9 48                     786 	.db #0x48	; 72	'H'
      0002CA 41                     787 	.db #0x41	; 65	'A'
      0002CB 54                     788 	.db #0x54	; 84	'T'
      0002CC 59                     789 	.db #0x59	; 89	'Y'
      0002CD 45                     790 	.db #0x45	; 69	'E'
      0002CE 41                     791 	.db #0x41	; 65	'A'
      0002CF 52                     792 	.db #0x52	; 82	'R'
      0002D0 00                     793 	.db #0x00	; 0
      0002D1 42                     794 	.db #0x42	; 66	'B'
      0002D2 59                     795 	.db #0x59	; 89	'Y'
      0002D3 00                     796 	.db #0x00	; 0
      0002D4 59                     797 	.db #0x59	; 89	'Y'
      0002D5 45                     798 	.db #0x45	; 69	'E'
      0002D6 41                     799 	.db #0x41	; 65	'A'
      0002D7 52                     800 	.db #0x52	; 82	'R'
      0002D8 00                     801 	.db #0x00	; 0
      0002D9 52                     802 	.db #0x52	; 82	'R'
      0002DA 45                     803 	.db #0x45	; 69	'E'
      0002DB 43                     804 	.db #0x43	; 67	'C'
      0002DC 45                     805 	.db #0x45	; 69	'E'
      0002DD 44                     806 	.db #0x44	; 68	'D'
      0002DE 45                     807 	.db #0x45	; 69	'E'
      0002DF 53                     808 	.db #0x53	; 83	'S'
      0002E0                        809 _page_948:
      0002E0r70s01                  810 	.byte _page_947, (_page_947 >> 8)
      0002E2r00s00                  811 	.byte ___bank_gatsby_947, (___bank_gatsby_947 >> 8)
      0002E4 00 00                  812 	.dw #0x0000
      0002E6 00 00                  813 	.dw #0x0000
      0002E8 42                     814 	.db #0x42	; 66	'B'
      0002E9 45                     815 	.db #0x45	; 69	'E'
      0002EA 46                     816 	.db #0x46	; 70	'F'
      0002EB 4F                     817 	.db #0x4f	; 79	'O'
      0002EC 52                     818 	.db #0x52	; 82	'R'
      0002ED 45                     819 	.db #0x45	; 69	'E'
      0002EE 00                     820 	.db #0x00	; 0
      0002EF 55                     821 	.db #0x55	; 85	'U'
      0002F0 53                     822 	.db #0x53	; 83	'S'
      0002F1 0E                     823 	.db #0x0e	; 14
      0002F2 00                     824 	.db #0x00	; 0
      0002F3 29                     825 	.db #0x29	; 41
      0002F4 54                     826 	.db #0x54	; 84	'T'
      0002F5 00                     827 	.db #0x00	; 0
      0002F6 45                     828 	.db #0x45	; 69	'E'
      0002F7 4C                     829 	.db #0x4c	; 76	'L'
      0002F8 55                     830 	.db #0x55	; 85	'U'
      0002F9 44                     831 	.db #0x44	; 68	'D'
      0002FA 45                     832 	.db #0x45	; 69	'E'
      0002FB 44                     833 	.db #0x44	; 68	'D'
      0002FC 55                     834 	.db #0x55	; 85	'U'
      0002FD 53                     835 	.db #0x53	; 83	'S'
      0002FE 00                     836 	.db #0x00	; 0
      0002FF 54                     837 	.db #0x54	; 84	'T'
      000300 48                     838 	.db #0x48	; 72	'H'
      000301 45                     839 	.db #0x45	; 69	'E'
      000302 4E                     840 	.db #0x4e	; 78	'N'
      000303 0C                     841 	.db #0x0c	; 12
      000304 00                     842 	.db #0x00	; 0
      000305 42                     843 	.db #0x42	; 66	'B'
      000306 55                     844 	.db #0x55	; 85	'U'
      000307 54                     845 	.db #0x54	; 84	'T'
      000308 00                     846 	.db #0x00	; 0
      000309 54                     847 	.db #0x54	; 84	'T'
      00030A 48                     848 	.db #0x48	; 72	'H'
      00030B 41                     849 	.db #0x41	; 65	'A'
      00030C 54                     850 	.db #0x54	; 84	'T'
      00030D 07                     851 	.db #0x07	; 7
      00030E 53                     852 	.db #0x53	; 83	'S'
      00030F 00                     853 	.db #0x00	; 0
      000310 4E                     854 	.db #0x4e	; 78	'N'
      000311 4F                     855 	.db #0x4f	; 79	'O'
      000312 00                     856 	.db #0x00	; 0
      000313 4D                     857 	.db #0x4d	; 77	'M'
      000314 41                     858 	.db #0x41	; 65	'A'
      000315 54                     859 	.db #0x54	; 84	'T'
      000316 54                     860 	.db #0x54	; 84	'T'
      000317 45                     861 	.db #0x45	; 69	'E'
      000318 52                     862 	.db #0x52	; 82	'R'
      000319 0D                     863 	.db #0x0d	; 13
      00031A 54                     864 	.db #0x54	; 84	'T'
      00031B 4F                     865 	.db #0x4f	; 79	'O'
      00031C 4D                     866 	.db #0x4d	; 77	'M'
      00031D 4F                     867 	.db #0x4f	; 79	'O'
      00031E 52                     868 	.db #0x52	; 82	'R'
      00031F 52                     869 	.db #0x52	; 82	'R'
      000320 4F                     870 	.db #0x4f	; 79	'O'
      000321 57                     871 	.db #0x57	; 87	'W'
      000322 00                     872 	.db #0x00	; 0
      000323 00                     873 	.db #0x00	; 0
      000324 57                     874 	.db #0x57	; 87	'W'
      000325 45                     875 	.db #0x45	; 69	'E'
      000326 00                     876 	.db #0x00	; 0
      000327 57                     877 	.db #0x57	; 87	'W'
      000328 49                     878 	.db #0x49	; 73	'I'
      000329 4C                     879 	.db #0x4c	; 76	'L'
      00032A 4C                     880 	.db #0x4c	; 76	'L'
      00032B 00                     881 	.db #0x00	; 0
      00032C 52                     882 	.db #0x52	; 82	'R'
      00032D 55                     883 	.db #0x55	; 85	'U'
      00032E 4E                     884 	.db #0x4e	; 78	'N'
      00032F 00                     885 	.db #0x00	; 0
      000330 46                     886 	.db #0x46	; 70	'F'
      000331 41                     887 	.db #0x41	; 65	'A'
      000332 53                     888 	.db #0x53	; 83	'S'
      000333 54                     889 	.db #0x54	; 84	'T'
      000334 45                     890 	.db #0x45	; 69	'E'
      000335 52                     891 	.db #0x52	; 82	'R'
      000336 0C                     892 	.db #0x0c	; 12
      000337 00                     893 	.db #0x00	; 0
      000338 53                     894 	.db #0x53	; 83	'S'
      000339 54                     895 	.db #0x54	; 84	'T'
      00033A 52                     896 	.db #0x52	; 82	'R'
      00033B 45                     897 	.db #0x45	; 69	'E'
      00033C 54                     898 	.db #0x54	; 84	'T'
      00033D 43                     899 	.db #0x43	; 67	'C'
      00033E 48                     900 	.db #0x48	; 72	'H'
      00033F 00                     901 	.db #0x00	; 0
      000340 4F                     902 	.db #0x4f	; 79	'O'
      000341 55                     903 	.db #0x55	; 85	'U'
      000342 54                     904 	.db #0x54	; 84	'T'
      000343 00                     905 	.db #0x00	; 0
      000344 4F                     906 	.db #0x4f	; 79	'O'
      000345 55                     907 	.db #0x55	; 85	'U'
      000346 52                     908 	.db #0x52	; 82	'R'
      000347 00                     909 	.db #0x00	; 0
      000348 41                     910 	.db #0x41	; 65	'A'
      000349 52                     911 	.db #0x52	; 82	'R'
      00034A 4D                     912 	.db #0x4d	; 77	'M'
      00034B 53                     913 	.db #0x53	; 83	'S'
      00034C 46                     914 	.db #0x46	; 70	'F'
      00034D 55                     915 	.db #0x55	; 85	'U'
      00034E 52                     916 	.db #0x52	; 82	'R'
      00034F 54                     917 	.db #0x54	; 84	'T'
      000350 48                     918 	.db #0x48	; 72	'H'
      000351 45                     919 	.db #0x45	; 69	'E'
      000352 52                     920 	.db #0x52	; 82	'R'
      000353 00                     921 	.db #0x00	; 0
      000354 3F                     922 	.db #0x3f	; 63
      000355 00                     923 	.db #0x00	; 0
      000356 21                     924 	.db #0x21	; 33
      000357 4E                     925 	.db #0x4e	; 78	'N'
      000358 44                     926 	.db #0x44	; 68	'D'
      000359 00                     927 	.db #0x00	; 0
      00035A 4F                     928 	.db #0x4f	; 79	'O'
      00035B 4E                     929 	.db #0x4e	; 78	'N'
      00035C 45                     930 	.db #0x45	; 69	'E'
      00035D 00                     931 	.db #0x00	; 0
      00035E 00                     932 	.db #0x00	; 0
      00035F 00                     933 	.db #0x00	; 0
      000360 46                     934 	.db #0x46	; 70	'F'
      000361 49                     935 	.db #0x49	; 73	'I'
      000362 4E                     936 	.db #0x4e	; 78	'N'
      000363 45                     937 	.db #0x45	; 69	'E'
      000364 00                     938 	.db #0x00	; 0
      000365 4D                     939 	.db #0x4d	; 77	'M'
      000366 4F                     940 	.db #0x4f	; 79	'O'
      000367 52                     941 	.db #0x52	; 82	'R'
      000368 4E                     942 	.db #0x4e	; 78	'N'
      000369 49                     943 	.db #0x49	; 73	'I'
      00036A 4E                     944 	.db #0x4e	; 78	'N'
      00036B 47                     945 	.db #0x47	; 71	'G'
      00036C 0D                     946 	.db #0x0d	; 13
      00036D 00                     947 	.db #0x00	; 0
      00036E 00                     948 	.db #0x00	; 0
      00036F 00                     949 	.db #0x00	; 0
      000370 00                     950 	.db #0x00	; 0
      000371 00                     951 	.db #0x00	; 0
      000372 00                     952 	.db #0x00	; 0
      000373 00                     953 	.db #0x00	; 0
      000374 00                     954 	.db #0x00	; 0
      000375 00                     955 	.db #0x00	; 0
      000376 00                     956 	.db #0x00	; 0
      000377 00                     957 	.db #0x00	; 0
      000378 00                     958 	.db #0x00	; 0
      000379 00                     959 	.db #0x00	; 0
      00037A 00                     960 	.db #0x00	; 0
      00037B 00                     961 	.db #0x00	; 0
      00037C 00                     962 	.db #0x00	; 0
      00037D 00                     963 	.db #0x00	; 0
      00037E 00                     964 	.db #0x00	; 0
      00037F 00                     965 	.db #0x00	; 0
      000380 00                     966 	.db #0x00	; 0
      000381 00                     967 	.db #0x00	; 0
      000382 00                     968 	.db #0x00	; 0
      000383 00                     969 	.db #0x00	; 0
      000384 00                     970 	.db #0x00	; 0
      000385 00                     971 	.db #0x00	; 0
      000386 00                     972 	.db #0x00	; 0
      000387 00                     973 	.db #0x00	; 0
      000388 33                     974 	.db #0x33	; 51	'3'
      000389 4F                     975 	.db #0x4f	; 79	'O'
      00038A 00                     976 	.db #0x00	; 0
      00038B 57                     977 	.db #0x57	; 87	'W'
      00038C 45                     978 	.db #0x45	; 69	'E'
      00038D 00                     979 	.db #0x00	; 0
      00038E 42                     980 	.db #0x42	; 66	'B'
      00038F 45                     981 	.db #0x45	; 69	'E'
      000390 41                     982 	.db #0x41	; 65	'A'
      000391 54                     983 	.db #0x54	; 84	'T'
      000392 00                     984 	.db #0x00	; 0
      000393 4F                     985 	.db #0x4f	; 79	'O'
      000394 4E                     986 	.db #0x4e	; 78	'N'
      000395 0C                     987 	.db #0x0c	; 12
      000396 00                     988 	.db #0x00	; 0
      000397 42                     989 	.db #0x42	; 66	'B'
      000398 4F                     990 	.db #0x4f	; 79	'O'
      000399 41                     991 	.db #0x41	; 65	'A'
      00039A 54                     992 	.db #0x54	; 84	'T'
      00039B 53                     993 	.db #0x53	; 83	'S'
      00039C 41                     994 	.db #0x41	; 65	'A'
      00039D 47                     995 	.db #0x47	; 71	'G'
      00039E 41                     996 	.db #0x41	; 65	'A'
      00039F 49                     997 	.db #0x49	; 73	'I'
      0003A0 4E                     998 	.db #0x4e	; 78	'N'
      0003A1 53                     999 	.db #0x53	; 83	'S'
      0003A2 54                    1000 	.db #0x54	; 84	'T'
      0003A3 00                    1001 	.db #0x00	; 0
      0003A4 54                    1002 	.db #0x54	; 84	'T'
      0003A5 48                    1003 	.db #0x48	; 72	'H'
      0003A6 45                    1004 	.db #0x45	; 69	'E'
      0003A7 00                    1005 	.db #0x00	; 0
      0003A8 43                    1006 	.db #0x43	; 67	'C'
      0003A9 55                    1007 	.db #0x55	; 85	'U'
      0003AA 52                    1008 	.db #0x52	; 82	'R'
      0003AB 52                    1009 	.db #0x52	; 82	'R'
      0003AC 45                    1010 	.db #0x45	; 69	'E'
      0003AD 4E                    1011 	.db #0x4e	; 78	'N'
      0003AE 54                    1012 	.db #0x54	; 84	'T'
      0003AF 0C                    1013 	.db #0x0c	; 12
      0003B0 42                    1014 	.db #0x42	; 66	'B'
      0003B1 4F                    1015 	.db #0x4f	; 79	'O'
      0003B2 52                    1016 	.db #0x52	; 82	'R'
      0003B3 4E                    1017 	.db #0x4e	; 78	'N'
      0003B4 45                    1018 	.db #0x45	; 69	'E'
      0003B5 00                    1019 	.db #0x00	; 0
      0003B6 42                    1020 	.db #0x42	; 66	'B'
      0003B7 41                    1021 	.db #0x41	; 65	'A'
      0003B8 43                    1022 	.db #0x43	; 67	'C'
      0003B9 4B                    1023 	.db #0x4b	; 75	'K'
      0003BA 00                    1024 	.db #0x00	; 0
      0003BB 00                    1025 	.db #0x00	; 0
      0003BC 00                    1026 	.db #0x00	; 0
      0003BD 00                    1027 	.db #0x00	; 0
      0003BE 00                    1028 	.db #0x00	; 0
      0003BF 00                    1029 	.db #0x00	; 0
      0003C0 00                    1030 	.db #0x00	; 0
      0003C1 00                    1031 	.db #0x00	; 0
      0003C2 00                    1032 	.db #0x00	; 0
      0003C3 00                    1033 	.db #0x00	; 0
      0003C4 43                    1034 	.db #0x43	; 67	'C'
      0003C5 45                    1035 	.db #0x45	; 69	'E'
      0003C6 41                    1036 	.db #0x41	; 65	'A'
      0003C7 53                    1037 	.db #0x53	; 83	'S'
      0003C8 45                    1038 	.db #0x45	; 69	'E'
      0003C9 4C                    1039 	.db #0x4c	; 76	'L'
      0003CA 45                    1040 	.db #0x45	; 69	'E'
      0003CB 53                    1041 	.db #0x53	; 83	'S'
      0003CC 53                    1042 	.db #0x53	; 83	'S'
      0003CD 4C                    1043 	.db #0x4c	; 76	'L'
      0003CE 59                    1044 	.db #0x59	; 89	'Y'
      0003CF 00                    1045 	.db #0x00	; 0
      0003D0 49                    1046 	.db #0x49	; 73	'I'
      0003D1 4E                    1047 	.db #0x4e	; 78	'N'
      0003D2 54                    1048 	.db #0x54	; 84	'T'
      0003D3 4F                    1049 	.db #0x4f	; 79	'O'
      0003D4 00                    1050 	.db #0x00	; 0
      0003D5 54                    1051 	.db #0x54	; 84	'T'
      0003D6 48                    1052 	.db #0x48	; 72	'H'
      0003D7 45                    1053 	.db #0x45	; 69	'E'
      0003D8 50                    1054 	.db #0x50	; 80	'P'
      0003D9 41                    1055 	.db #0x41	; 65	'A'
      0003DA 53                    1056 	.db #0x53	; 83	'S'
      0003DB 54                    1057 	.db #0x54	; 84	'T'
      0003DC 0E                    1058 	.db #0x0e	; 14
      0003DD 00                    1059 	.db #0x00	; 0
      0003DE 00                    1060 	.db #0x00	; 0
      0003DF 00                    1061 	.db #0x00	; 0
      0003E0 00                    1062 	.db #0x00	; 0
      0003E1 00                    1063 	.db #0x00	; 0
      0003E2 00                    1064 	.db #0x00	; 0
      0003E3 00                    1065 	.db #0x00	; 0
      0003E4 00                    1066 	.db #0x00	; 0
      0003E5 00                    1067 	.db #0x00	; 0
      0003E6 00                    1068 	.db #0x00	; 0
      0003E7 00                    1069 	.db #0x00	; 0
      0003E8 00                    1070 	.db #0x00	; 0
      0003E9 00                    1071 	.db #0x00	; 0
      0003EA 00                    1072 	.db #0x00	; 0
      0003EB 00                    1073 	.db #0x00	; 0
      0003EC 00                    1074 	.db #0x00	; 0
      0003ED 00                    1075 	.db #0x00	; 0
      0003EE 00                    1076 	.db #0x00	; 0
      0003EF 00                    1077 	.db #0x00	; 0
      0003F0 00                    1078 	.db #0x00	; 0
      0003F1 00                    1079 	.db #0x00	; 0
      0003F2 00                    1080 	.db #0x00	; 0
      0003F3 00                    1081 	.db #0x00	; 0
      0003F4 00                    1082 	.db #0x00	; 0
      0003F5 00                    1083 	.db #0x00	; 0
      0003F6 00                    1084 	.db #0x00	; 0
      0003F7 00                    1085 	.db #0x00	; 0
      0003F8 00                    1086 	.db #0x00	; 0
      0003F9 00                    1087 	.db #0x00	; 0
      0003FA 00                    1088 	.db #0x00	; 0
      0003FB 00                    1089 	.db #0x00	; 0
      0003FC 00                    1090 	.db #0x00	; 0
      0003FD 00                    1091 	.db #0x00	; 0
      0003FE 00                    1092 	.db #0x00	; 0
      0003FF 00                    1093 	.db #0x00	; 0
      000400 00                    1094 	.db #0x00	; 0
      000401 00                    1095 	.db #0x00	; 0
      000402 00                    1096 	.db #0x00	; 0
      000403 00                    1097 	.db #0x00	; 0
      000404 00                    1098 	.db #0x00	; 0
      000405 00                    1099 	.db #0x00	; 0
      000406 00                    1100 	.db #0x00	; 0
      000407 00                    1101 	.db #0x00	; 0
      000408 00                    1102 	.db #0x00	; 0
      000409 00                    1103 	.db #0x00	; 0
      00040A 00                    1104 	.db #0x00	; 0
      00040B 00                    1105 	.db #0x00	; 0
      00040C 00                    1106 	.db #0x00	; 0
      00040D 00                    1107 	.db #0x00	; 0
      00040E 00                    1108 	.db #0x00	; 0
      00040F 00                    1109 	.db #0x00	; 0
      000410 00                    1110 	.db #0x00	; 0
      000411 00                    1111 	.db #0x00	; 0
      000412 00                    1112 	.db #0x00	; 0
      000413 00                    1113 	.db #0x00	; 0
      000414 00                    1114 	.db #0x00	; 0
      000415 00                    1115 	.db #0x00	; 0
      000416 00                    1116 	.db #0x00	; 0
      000417 00                    1117 	.db #0x00	; 0
      000418 00                    1118 	.db #0x00	; 0
      000419 00                    1119 	.db #0x00	; 0
      00041A 00                    1120 	.db #0x00	; 0
      00041B 00                    1121 	.db #0x00	; 0
      00041C 00                    1122 	.db #0x00	; 0
      00041D 00                    1123 	.db #0x00	; 0
      00041E 00                    1124 	.db #0x00	; 0
      00041F 00                    1125 	.db #0x00	; 0
      000420 00                    1126 	.db #0x00	; 0
      000421 00                    1127 	.db #0x00	; 0
      000422 00                    1128 	.db #0x00	; 0
      000423 00                    1129 	.db #0x00	; 0
      000424 00                    1130 	.db #0x00	; 0
      000425 00                    1131 	.db #0x00	; 0
      000426 00                    1132 	.db #0x00	; 0
      000427 00                    1133 	.db #0x00	; 0
      000428 00                    1134 	.db #0x00	; 0
      000429 00                    1135 	.db #0x00	; 0
      00042A 00                    1136 	.db #0x00	; 0
      00042B 00                    1137 	.db #0x00	; 0
      00042C 00                    1138 	.db #0x00	; 0
      00042D 00                    1139 	.db #0x00	; 0
      00042E 00                    1140 	.db #0x00	; 0
      00042F 00                    1141 	.db #0x00	; 0
      000430 00                    1142 	.db #0x00	; 0
      000431 00                    1143 	.db #0x00	; 0
      000432 00                    1144 	.db #0x00	; 0
      000433 00                    1145 	.db #0x00	; 0
      000434 00                    1146 	.db #0x00	; 0
      000435 00                    1147 	.db #0x00	; 0
      000436 00                    1148 	.db #0x00	; 0
      000437 00                    1149 	.db #0x00	; 0
      000438 00                    1150 	.db #0x00	; 0
      000439 00                    1151 	.db #0x00	; 0
      00043A 00                    1152 	.db #0x00	; 0
      00043B 00                    1153 	.db #0x00	; 0
      00043C 00                    1154 	.db 0x00
      00043D 00                    1155 	.db 0x00
      00043E 00                    1156 	.db 0x00
      00043F 00                    1157 	.db 0x00
      000440 00                    1158 	.db 0x00
      000441 00                    1159 	.db 0x00
      000442 00                    1160 	.db 0x00
      000443 00                    1161 	.db 0x00
      000444 00                    1162 	.db 0x00
      000445 00                    1163 	.db 0x00
      000446 00                    1164 	.db 0x00
      000447 00                    1165 	.db 0x00
      000448 00                    1166 	.db 0x00
      000449 00                    1167 	.db 0x00
      00044A 00                    1168 	.db 0x00
      00044B 00                    1169 	.db 0x00
      00044C 00                    1170 	.db 0x00
      00044D 00                    1171 	.db 0x00
      00044E 00                    1172 	.db 0x00
      00044F 00                    1173 	.db 0x00
                                   1174 	.area _INITIALIZER
                                   1175 	.area _CABS (ABS)
